<?xml version="1.0" encoding="UTF-8"?>
<testsuite name="com.chaewsscode.chaewsstore.order.OrderControllerUnitTest" tests="3" skipped="0" failures="0" errors="0" timestamp="2022-09-27T16:42:20" hostname="seochaewon-ui-MacBookPro.local" time="0.058">
  <properties/>
  <testcase name="상품 주문 테스트" classname="com.chaewsscode.chaewsstore.order.OrderControllerUnitTest" time="0.019"/>
  <testcase name="내 주문 목록 조회 테스트" classname="com.chaewsscode.chaewsstore.order.OrderControllerUnitTest" time="0.024"/>
  <testcase name="내 주문 상세 조회 테스트" classname="com.chaewsscode.chaewsstore.order.OrderControllerUnitTest" time="0.013"/>
  <system-out><![CDATA[2022-09-28 01:42:19.854  INFO 57744 --- [    Test worker] .b.t.a.w.s.WebMvcTestContextBootstrapper : Neither @ContextConfiguration nor @ContextHierarchy found for test class [com.chaewsscode.chaewsstore.order.OrderControllerUnitTest], using SpringBootContextLoader
2022-09-28 01:42:19.855  INFO 57744 --- [    Test worker] o.s.t.c.support.AbstractContextLoader    : Could not detect default resource locations for test class [com.chaewsscode.chaewsstore.order.OrderControllerUnitTest]: no resource found for suffixes {-context.xml, Context.groovy}.
2022-09-28 01:42:19.855  INFO 57744 --- [    Test worker] t.c.s.AnnotationConfigContextLoaderUtils : Could not detect default configuration classes for test class [com.chaewsscode.chaewsstore.order.OrderControllerUnitTest]: OrderControllerUnitTest does not declare any static, non-private, non-final, nested classes annotated with @Configuration.
2022-09-28 01:42:19.860  INFO 57744 --- [    Test worker] .b.t.c.SpringBootTestContextBootstrapper : Found @SpringBootConfiguration com.chaewsscode.chaewsstore.ChaewsstoreApplication for test class com.chaewsscode.chaewsstore.order.OrderControllerUnitTest
2022-09-28 01:42:19.861  INFO 57744 --- [    Test worker] .b.t.a.w.s.WebMvcTestContextBootstrapper : Loaded default TestExecutionListener class names from location [META-INF/spring.factories]: [org.springframework.security.test.context.support.WithSecurityContextTestExecutionListener, org.springframework.security.test.context.support.ReactorContextTestExecutionListener, org.springframework.boot.test.autoconfigure.restdocs.RestDocsTestExecutionListener, org.springframework.boot.test.autoconfigure.web.client.MockRestServiceServerResetTestExecutionListener, org.springframework.boot.test.autoconfigure.web.servlet.MockMvcPrintOnlyOnFailureTestExecutionListener, org.springframework.boot.test.autoconfigure.web.servlet.WebDriverTestExecutionListener, org.springframework.boot.test.autoconfigure.webservices.client.MockWebServiceServerTestExecutionListener, org.springframework.boot.test.mock.mockito.MockitoTestExecutionListener, org.springframework.boot.test.mock.mockito.ResetMocksTestExecutionListener, org.springframework.test.context.web.ServletTestExecutionListener, org.springframework.test.context.support.DirtiesContextBeforeModesTestExecutionListener, org.springframework.test.context.event.ApplicationEventsTestExecutionListener, org.springframework.test.context.support.DependencyInjectionTestExecutionListener, org.springframework.test.context.support.DirtiesContextTestExecutionListener, org.springframework.test.context.transaction.TransactionalTestExecutionListener, org.springframework.test.context.jdbc.SqlScriptsTestExecutionListener, org.springframework.test.context.event.EventPublishingTestExecutionListener]
2022-09-28 01:42:19.861  INFO 57744 --- [    Test worker] .b.t.a.w.s.WebMvcTestContextBootstrapper : Using TestExecutionListeners: [org.springframework.test.context.web.ServletTestExecutionListener@23c07745, org.springframework.test.context.support.DirtiesContextBeforeModesTestExecutionListener@62a07c01, org.springframework.test.context.event.ApplicationEventsTestExecutionListener@52dbd3d, org.springframework.boot.test.mock.mockito.MockitoTestExecutionListener@31b9108b, org.springframework.boot.test.autoconfigure.SpringBootDependencyInjectionTestExecutionListener@11e323a6, org.springframework.test.context.support.DirtiesContextTestExecutionListener@704205ef, org.springframework.test.context.transaction.TransactionalTestExecutionListener@18ee9a8f, org.springframework.test.context.jdbc.SqlScriptsTestExecutionListener@61aaec51, org.springframework.security.test.context.support.WithSecurityContextTestExecutionListener@69dc0dd1, org.springframework.test.context.event.EventPublishingTestExecutionListener@9d10078, org.springframework.security.test.context.support.ReactorContextTestExecutionListener@6587c92f, org.springframework.boot.test.autoconfigure.restdocs.RestDocsTestExecutionListener@537979aa, org.springframework.boot.test.autoconfigure.web.client.MockRestServiceServerResetTestExecutionListener@5ac25491, org.springframework.boot.test.autoconfigure.web.servlet.MockMvcPrintOnlyOnFailureTestExecutionListener@5b115d71, org.springframework.boot.test.autoconfigure.web.servlet.WebDriverTestExecutionListener@4398d, org.springframework.boot.test.autoconfigure.webservices.client.MockWebServiceServerTestExecutionListener@18a8a40e, org.springframework.boot.test.mock.mockito.ResetMocksTestExecutionListener@50061d56]

  .   ____          _            __ _ _
 /\\ / ___'_ __ _ _(_)_ __  __ _ \ \ \ \
( ( )\___ | '_ | '_| | '_ \/ _` | \ \ \ \
 \\/  ___)| |_)| | | | | || (_| |  ) ) ) )
  '  |____| .__|_| |_|_| |_\__, | / / / /
 =========|_|==============|___/=/_/_/_/
 :: Spring Boot ::                (v2.7.3)

2022-09-28 01:42:19.872  INFO 57744 --- [    Test worker] c.c.c.order.OrderControllerUnitTest      : Starting OrderControllerUnitTest using Java 11.0.15 on seochaewon-ui-MacBookPro.local with PID 57744 (started by seochaewon in /Users/seochaewon/IdeaProjects/chaewsstore)
2022-09-28 01:42:19.872  INFO 57744 --- [    Test worker] c.c.c.order.OrderControllerUnitTest      : No active profile set, falling back to 1 default profile: "default"
2022-09-28 01:42:20.058  WARN 57744 --- [    Test worker] .s.s.UserDetailsServiceAutoConfiguration : 

Using generated security password: ffea5621-f9e0-46a5-a7fb-07d5d28bb05d

This generated password is for development use only. Your security configuration must be updated before running your application in production.

2022-09-28 01:42:20.090  INFO 57744 --- [    Test worker] o.s.s.web.DefaultSecurityFilterChain     : Will secure any request with [org.springframework.security.web.session.DisableEncodeUrlFilter@68f9a4f4, org.springframework.security.web.context.request.async.WebAsyncManagerIntegrationFilter@626967a0, org.springframework.security.web.context.SecurityContextPersistenceFilter@4e6c4c55, org.springframework.security.web.header.HeaderWriterFilter@1f9b86f5, org.springframework.security.web.csrf.CsrfFilter@7545cb17, org.springframework.security.web.authentication.logout.LogoutFilter@747e0a31, org.springframework.security.web.authentication.UsernamePasswordAuthenticationFilter@4f55da9b, org.springframework.security.web.authentication.ui.DefaultLoginPageGeneratingFilter@737e4a7b, org.springframework.security.web.authentication.ui.DefaultLogoutPageGeneratingFilter@309e874, org.springframework.security.web.authentication.www.BasicAuthenticationFilter@3bad0efd, org.springframework.security.web.savedrequest.RequestCacheAwareFilter@74fbee59, org.springframework.security.web.servletapi.SecurityContextHolderAwareRequestFilter@3794621d, org.springframework.security.web.authentication.AnonymousAuthenticationFilter@5080c40e, org.springframework.security.web.session.SessionManagementFilter@15aa3084, org.springframework.security.web.access.ExceptionTranslationFilter@635b3ec7, org.springframework.security.web.access.intercept.FilterSecurityInterceptor@5ffaac1f]
2022-09-28 01:42:20.105  INFO 57744 --- [    Test worker] o.s.b.t.m.w.SpringBootMockServletContext : Initializing Spring TestDispatcherServlet ''
2022-09-28 01:42:20.105  INFO 57744 --- [    Test worker] o.s.t.web.servlet.TestDispatcherServlet  : Initializing Servlet ''
2022-09-28 01:42:20.105  INFO 57744 --- [    Test worker] o.s.t.web.servlet.TestDispatcherServlet  : Completed initialization in 0 ms
2022-09-28 01:42:20.111  INFO 57744 --- [    Test worker] c.c.c.order.OrderControllerUnitTest      : Started OrderControllerUnitTest in 0.248 seconds (JVM running for 4.262)
2022-09-28 01:42:20.114  INFO 57744 --- [    Test worker] o.s.b.t.m.w.SpringBootMockServletContext : Initializing Spring TestDispatcherServlet ''
2022-09-28 01:42:20.114  INFO 57744 --- [    Test worker] o.s.t.web.servlet.TestDispatcherServlet  : Initializing Servlet ''
2022-09-28 01:42:20.115  INFO 57744 --- [    Test worker] o.s.t.web.servlet.TestDispatcherServlet  : Completed initialization in 1 ms

MockHttpServletRequest:
      HTTP Method = POST
      Request URI = /orders
       Parameters = {}
          Headers = [Content-Type:"application/json;charset=UTF-8", Authorization:"Bearer (accessToken)", Accept:"application/json", Content-Length:"15"]
             Body = {"productId":1}
    Session Attrs = {}

Handler:
             Type = com.chaewsscode.chaewsstore.order.controller.OrderController
           Method = com.chaewsscode.chaewsstore.order.controller.OrderController#createOrder(Account, OrderRequestDto)

Async:
    Async started = false
     Async result = null

Resolved Exception:
             Type = null

ModelAndView:
        View name = null
             View = null
            Model = null

FlashMap:
       Attributes = null

MockHttpServletResponse:
           Status = 201
    Error message = null
          Headers = [Content-Type:"application/json;charset=UTF-8"]
     Content type = application/json;charset=UTF-8
             Body = {"timestamp":"2022-09-28T01:42:20.119984","code":"CREATE_ORDER_SUCCESS","status":"CREATED","detail":"주문 성공","data":{"id":1,"accountId":1,"product":{"id":1,"name":"자전거","price":70000,"isSold":false,"accountId":2,"createdAt":null},"createdAt":"22.09.28 - 01:42"}}
    Forwarded URL = null
   Redirected URL = null
          Cookies = []

MockHttpServletRequest:
      HTTP Method = POST
      Request URI = /orders
       Parameters = {}
          Headers = [Content-Type:"application/json;charset=UTF-8", Authorization:"Bearer (accessToken)", Accept:"application/json", Content-Length:"15"]
             Body = {"productId":1}
    Session Attrs = {}

Handler:
             Type = com.chaewsscode.chaewsstore.order.controller.OrderController
           Method = com.chaewsscode.chaewsstore.order.controller.OrderController#createOrder(Account, OrderRequestDto)

Async:
    Async started = false
     Async result = null

Resolved Exception:
             Type = null

ModelAndView:
        View name = null
             View = null
            Model = null

FlashMap:
       Attributes = null

MockHttpServletResponse:
           Status = 201
    Error message = null
          Headers = [Content-Type:"application/json;charset=UTF-8"]
     Content type = application/json;charset=UTF-8
             Body = {"timestamp":"2022-09-28T01:42:20.119984","code":"CREATE_ORDER_SUCCESS","status":"CREATED","detail":"주문 성공","data":{"id":1,"accountId":1,"product":{"id":1,"name":"자전거","price":70000,"isSold":false,"accountId":2,"createdAt":null},"createdAt":"22.09.28 - 01:42"}}
    Forwarded URL = null
   Redirected URL = null
          Cookies = []

MockHttpServletRequest:
      HTTP Method = POST
      Request URI = /orders
       Parameters = {}
          Headers = [Content-Type:"application/json;charset=UTF-8", Authorization:"Bearer (accessToken)", Accept:"application/json", Content-Length:"15"]
             Body = {"productId":1}
    Session Attrs = {}

Handler:
             Type = com.chaewsscode.chaewsstore.order.controller.OrderController
           Method = com.chaewsscode.chaewsstore.order.controller.OrderController#createOrder(Account, OrderRequestDto)

Async:
    Async started = false
     Async result = null

Resolved Exception:
             Type = null

ModelAndView:
        View name = null
             View = null
            Model = null

FlashMap:
       Attributes = null

MockHttpServletResponse:
           Status = 201
    Error message = null
          Headers = [Content-Type:"application/json;charset=UTF-8"]
     Content type = application/json;charset=UTF-8
             Body = {"timestamp":"2022-09-28T01:42:20.119984","code":"CREATE_ORDER_SUCCESS","status":"CREATED","detail":"주문 성공","data":{"id":1,"accountId":1,"product":{"id":1,"name":"자전거","price":70000,"isSold":false,"accountId":2,"createdAt":null},"createdAt":"22.09.28 - 01:42"}}
    Forwarded URL = null
   Redirected URL = null
          Cookies = []
2022-09-28 01:42:20.134  INFO 57744 --- [    Test worker] o.s.b.t.m.w.SpringBootMockServletContext : Initializing Spring TestDispatcherServlet ''
2022-09-28 01:42:20.135  INFO 57744 --- [    Test worker] o.s.t.web.servlet.TestDispatcherServlet  : Initializing Servlet ''
2022-09-28 01:42:20.135  INFO 57744 --- [    Test worker] o.s.t.web.servlet.TestDispatcherServlet  : Completed initialization in 0 ms

MockHttpServletRequest:
      HTTP Method = GET
      Request URI = /orders
       Parameters = {page=[0], sort=[createdAt]}
          Headers = [Authorization:"Bearer (accessToken)", Accept:"application/json"]
             Body = null
    Session Attrs = {}

Handler:
             Type = com.chaewsscode.chaewsstore.order.controller.OrderController
           Method = com.chaewsscode.chaewsstore.order.controller.OrderController#readOrders(Account, Pageable)

Async:
    Async started = false
     Async result = null

Resolved Exception:
             Type = null

ModelAndView:
        View name = null
             View = null
            Model = null

FlashMap:
       Attributes = null

MockHttpServletResponse:
           Status = 200
    Error message = null
          Headers = [Content-Type:"application/json;charset=UTF-8"]
     Content type = application/json;charset=UTF-8
             Body = {"timestamp":"2022-09-28T01:42:20.141221","code":"READ_ORDERS_SUCCESS","status":"OK","detail":"내 주문 목록 조회 성공","data":{"content":[{"id":1,"accountId":1,"product":{"id":1,"name":"자전거","price":70000,"isSold":false,"accountId":2,"createdAt":null},"createdAt":"22.09.28 - 01:42"},{"id":2,"accountId":1,"product":{"id":3,"name":"자전거 바구니","price":2000,"isSold":false,"accountId":2,"createdAt":null},"createdAt":"22.09.28 - 01:42"}],"pageable":"INSTANCE","last":true,"totalPages":1,"totalElements":2,"sort":{"empty":true,"sorted":false,"unsorted":true},"size":2,"first":true,"number":0,"numberOfElements":2,"empty":false}}
    Forwarded URL = null
   Redirected URL = null
          Cookies = []

MockHttpServletRequest:
      HTTP Method = GET
      Request URI = /orders
       Parameters = {page=[0], sort=[createdAt]}
          Headers = [Authorization:"Bearer (accessToken)", Accept:"application/json"]
             Body = null
    Session Attrs = {}

Handler:
             Type = com.chaewsscode.chaewsstore.order.controller.OrderController
           Method = com.chaewsscode.chaewsstore.order.controller.OrderController#readOrders(Account, Pageable)

Async:
    Async started = false
     Async result = null

Resolved Exception:
             Type = null

ModelAndView:
        View name = null
             View = null
            Model = null

FlashMap:
       Attributes = null

MockHttpServletResponse:
           Status = 200
    Error message = null
          Headers = [Content-Type:"application/json;charset=UTF-8"]
     Content type = application/json;charset=UTF-8
             Body = {"timestamp":"2022-09-28T01:42:20.141221","code":"READ_ORDERS_SUCCESS","status":"OK","detail":"내 주문 목록 조회 성공","data":{"content":[{"id":1,"accountId":1,"product":{"id":1,"name":"자전거","price":70000,"isSold":false,"accountId":2,"createdAt":null},"createdAt":"22.09.28 - 01:42"},{"id":2,"accountId":1,"product":{"id":3,"name":"자전거 바구니","price":2000,"isSold":false,"accountId":2,"createdAt":null},"createdAt":"22.09.28 - 01:42"}],"pageable":"INSTANCE","last":true,"totalPages":1,"totalElements":2,"sort":{"empty":true,"sorted":false,"unsorted":true},"size":2,"first":true,"number":0,"numberOfElements":2,"empty":false}}
    Forwarded URL = null
   Redirected URL = null
          Cookies = []

MockHttpServletRequest:
      HTTP Method = GET
      Request URI = /orders
       Parameters = {page=[0], sort=[createdAt]}
          Headers = [Authorization:"Bearer (accessToken)", Accept:"application/json"]
             Body = null
    Session Attrs = {}

Handler:
             Type = com.chaewsscode.chaewsstore.order.controller.OrderController
           Method = com.chaewsscode.chaewsstore.order.controller.OrderController#readOrders(Account, Pageable)

Async:
    Async started = false
     Async result = null

Resolved Exception:
             Type = null

ModelAndView:
        View name = null
             View = null
            Model = null

FlashMap:
       Attributes = null

MockHttpServletResponse:
           Status = 200
    Error message = null
          Headers = [Content-Type:"application/json;charset=UTF-8"]
     Content type = application/json;charset=UTF-8
             Body = {"timestamp":"2022-09-28T01:42:20.141221","code":"READ_ORDERS_SUCCESS","status":"OK","detail":"내 주문 목록 조회 성공","data":{"content":[{"id":1,"accountId":1,"product":{"id":1,"name":"자전거","price":70000,"isSold":false,"accountId":2,"createdAt":null},"createdAt":"22.09.28 - 01:42"},{"id":2,"accountId":1,"product":{"id":3,"name":"자전거 바구니","price":2000,"isSold":false,"accountId":2,"createdAt":null},"createdAt":"22.09.28 - 01:42"}],"pageable":"INSTANCE","last":true,"totalPages":1,"totalElements":2,"sort":{"empty":true,"sorted":false,"unsorted":true},"size":2,"first":true,"number":0,"numberOfElements":2,"empty":false}}
    Forwarded URL = null
   Redirected URL = null
          Cookies = []
2022-09-28 01:42:20.160  INFO 57744 --- [    Test worker] o.s.b.t.m.w.SpringBootMockServletContext : Initializing Spring TestDispatcherServlet ''
2022-09-28 01:42:20.160  INFO 57744 --- [    Test worker] o.s.t.web.servlet.TestDispatcherServlet  : Initializing Servlet ''
2022-09-28 01:42:20.160  INFO 57744 --- [    Test worker] o.s.t.web.servlet.TestDispatcherServlet  : Completed initialization in 0 ms

MockHttpServletRequest:
      HTTP Method = GET
      Request URI = /orders/1
       Parameters = {}
          Headers = [Authorization:"Bearer (accessToken)", Accept:"application/json"]
             Body = null
    Session Attrs = {}

Handler:
             Type = com.chaewsscode.chaewsstore.order.controller.OrderController
           Method = com.chaewsscode.chaewsstore.order.controller.OrderController#readOrder(Account, Long)

Async:
    Async started = false
     Async result = null

Resolved Exception:
             Type = null

ModelAndView:
        View name = null
             View = null
            Model = null

FlashMap:
       Attributes = null

MockHttpServletResponse:
           Status = 200
    Error message = null
          Headers = [Content-Type:"application/json;charset=UTF-8"]
     Content type = application/json;charset=UTF-8
             Body = {"timestamp":"2022-09-28T01:42:20.162637","code":"READ_ORDER_SUCCESS","status":"OK","detail":"내 주문 상세 조회 성공","data":{"id":1,"accountId":1,"product":{"id":1,"name":"자전거","price":70000,"isSold":false,"accountId":2,"createdAt":null},"createdAt":"22.09.28 - 01:42"}}
    Forwarded URL = null
   Redirected URL = null
          Cookies = []

MockHttpServletRequest:
      HTTP Method = GET
      Request URI = /orders/1
       Parameters = {}
          Headers = [Authorization:"Bearer (accessToken)", Accept:"application/json"]
             Body = null
    Session Attrs = {}

Handler:
             Type = com.chaewsscode.chaewsstore.order.controller.OrderController
           Method = com.chaewsscode.chaewsstore.order.controller.OrderController#readOrder(Account, Long)

Async:
    Async started = false
     Async result = null

Resolved Exception:
             Type = null

ModelAndView:
        View name = null
             View = null
            Model = null

FlashMap:
       Attributes = null

MockHttpServletResponse:
           Status = 200
    Error message = null
          Headers = [Content-Type:"application/json;charset=UTF-8"]
     Content type = application/json;charset=UTF-8
             Body = {"timestamp":"2022-09-28T01:42:20.162637","code":"READ_ORDER_SUCCESS","status":"OK","detail":"내 주문 상세 조회 성공","data":{"id":1,"accountId":1,"product":{"id":1,"name":"자전거","price":70000,"isSold":false,"accountId":2,"createdAt":null},"createdAt":"22.09.28 - 01:42"}}
    Forwarded URL = null
   Redirected URL = null
          Cookies = []

MockHttpServletRequest:
      HTTP Method = GET
      Request URI = /orders/1
       Parameters = {}
          Headers = [Authorization:"Bearer (accessToken)", Accept:"application/json"]
             Body = null
    Session Attrs = {}

Handler:
             Type = com.chaewsscode.chaewsstore.order.controller.OrderController
           Method = com.chaewsscode.chaewsstore.order.controller.OrderController#readOrder(Account, Long)

Async:
    Async started = false
     Async result = null

Resolved Exception:
             Type = null

ModelAndView:
        View name = null
             View = null
            Model = null

FlashMap:
       Attributes = null

MockHttpServletResponse:
           Status = 200
    Error message = null
          Headers = [Content-Type:"application/json;charset=UTF-8"]
     Content type = application/json;charset=UTF-8
             Body = {"timestamp":"2022-09-28T01:42:20.162637","code":"READ_ORDER_SUCCESS","status":"OK","detail":"내 주문 상세 조회 성공","data":{"id":1,"accountId":1,"product":{"id":1,"name":"자전거","price":70000,"isSold":false,"accountId":2,"createdAt":null},"createdAt":"22.09.28 - 01:42"}}
    Forwarded URL = null
   Redirected URL = null
          Cookies = []
]]></system-out>
  <system-err><![CDATA[]]></system-err>
</testsuite>
