<?xml version="1.0" encoding="UTF-8"?>
<testsuite name="com.chaewsscode.chaewsstore.product.ProductControllerUnitTest" tests="6" skipped="0" failures="0" errors="0" timestamp="2022-09-27T16:42:20" hostname="seochaewon-ui-MacBookPro.local" time="0.063">
  <properties/>
  <testcase name="상품 상세 조회 테스트" classname="com.chaewsscode.chaewsstore.product.ProductControllerUnitTest" time="0.012"/>
  <testcase name="상품 삭제 테스트" classname="com.chaewsscode.chaewsstore.product.ProductControllerUnitTest" time="0.005"/>
  <testcase name="상품 등록 테스트" classname="com.chaewsscode.chaewsstore.product.ProductControllerUnitTest" time="0.01"/>
  <testcase name="본인 상품 조회 테스트" classname="com.chaewsscode.chaewsstore.product.ProductControllerUnitTest" time="0.011"/>
  <testcase name="전체 상품 조회 테스트" classname="com.chaewsscode.chaewsstore.product.ProductControllerUnitTest" time="0.01"/>
  <testcase name="상품 정보 수정 테스트" classname="com.chaewsscode.chaewsstore.product.ProductControllerUnitTest" time="0.01"/>
  <system-out><![CDATA[2022-09-28 01:42:20.252  INFO 57744 --- [    Test worker] .b.t.a.w.s.WebMvcTestContextBootstrapper : Neither @ContextConfiguration nor @ContextHierarchy found for test class [com.chaewsscode.chaewsstore.product.ProductControllerUnitTest], using SpringBootContextLoader
2022-09-28 01:42:20.253  INFO 57744 --- [    Test worker] o.s.t.c.support.AbstractContextLoader    : Could not detect default resource locations for test class [com.chaewsscode.chaewsstore.product.ProductControllerUnitTest]: no resource found for suffixes {-context.xml, Context.groovy}.
2022-09-28 01:42:20.253  INFO 57744 --- [    Test worker] t.c.s.AnnotationConfigContextLoaderUtils : Could not detect default configuration classes for test class [com.chaewsscode.chaewsstore.product.ProductControllerUnitTest]: ProductControllerUnitTest does not declare any static, non-private, non-final, nested classes annotated with @Configuration.
2022-09-28 01:42:20.256  INFO 57744 --- [    Test worker] .b.t.c.SpringBootTestContextBootstrapper : Found @SpringBootConfiguration com.chaewsscode.chaewsstore.ChaewsstoreApplication for test class com.chaewsscode.chaewsstore.product.ProductControllerUnitTest
2022-09-28 01:42:20.256  INFO 57744 --- [    Test worker] .b.t.a.w.s.WebMvcTestContextBootstrapper : Loaded default TestExecutionListener class names from location [META-INF/spring.factories]: [org.springframework.security.test.context.support.WithSecurityContextTestExecutionListener, org.springframework.security.test.context.support.ReactorContextTestExecutionListener, org.springframework.boot.test.autoconfigure.restdocs.RestDocsTestExecutionListener, org.springframework.boot.test.autoconfigure.web.client.MockRestServiceServerResetTestExecutionListener, org.springframework.boot.test.autoconfigure.web.servlet.MockMvcPrintOnlyOnFailureTestExecutionListener, org.springframework.boot.test.autoconfigure.web.servlet.WebDriverTestExecutionListener, org.springframework.boot.test.autoconfigure.webservices.client.MockWebServiceServerTestExecutionListener, org.springframework.boot.test.mock.mockito.MockitoTestExecutionListener, org.springframework.boot.test.mock.mockito.ResetMocksTestExecutionListener, org.springframework.test.context.web.ServletTestExecutionListener, org.springframework.test.context.support.DirtiesContextBeforeModesTestExecutionListener, org.springframework.test.context.event.ApplicationEventsTestExecutionListener, org.springframework.test.context.support.DependencyInjectionTestExecutionListener, org.springframework.test.context.support.DirtiesContextTestExecutionListener, org.springframework.test.context.transaction.TransactionalTestExecutionListener, org.springframework.test.context.jdbc.SqlScriptsTestExecutionListener, org.springframework.test.context.event.EventPublishingTestExecutionListener]
2022-09-28 01:42:20.256  INFO 57744 --- [    Test worker] .b.t.a.w.s.WebMvcTestContextBootstrapper : Using TestExecutionListeners: [org.springframework.test.context.web.ServletTestExecutionListener@4d56b7f1, org.springframework.test.context.support.DirtiesContextBeforeModesTestExecutionListener@6dd65b79, org.springframework.test.context.event.ApplicationEventsTestExecutionListener@1b136640, org.springframework.boot.test.mock.mockito.MockitoTestExecutionListener@22a7ff5d, org.springframework.boot.test.autoconfigure.SpringBootDependencyInjectionTestExecutionListener@5a362dc7, org.springframework.test.context.support.DirtiesContextTestExecutionListener@564b86b, org.springframework.test.context.transaction.TransactionalTestExecutionListener@545ffe1, org.springframework.test.context.jdbc.SqlScriptsTestExecutionListener@1805b503, org.springframework.security.test.context.support.WithSecurityContextTestExecutionListener@73b6fbd1, org.springframework.test.context.event.EventPublishingTestExecutionListener@5331a22c, org.springframework.security.test.context.support.ReactorContextTestExecutionListener@79a1f55c, org.springframework.boot.test.autoconfigure.restdocs.RestDocsTestExecutionListener@4c39eac6, org.springframework.boot.test.autoconfigure.web.client.MockRestServiceServerResetTestExecutionListener@815e8e3, org.springframework.boot.test.autoconfigure.web.servlet.MockMvcPrintOnlyOnFailureTestExecutionListener@566b1b0f, org.springframework.boot.test.autoconfigure.web.servlet.WebDriverTestExecutionListener@20961f8b, org.springframework.boot.test.autoconfigure.webservices.client.MockWebServiceServerTestExecutionListener@23faae85, org.springframework.boot.test.mock.mockito.ResetMocksTestExecutionListener@48f08e9]

  .   ____          _            __ _ _
 /\\ / ___'_ __ _ _(_)_ __  __ _ \ \ \ \
( ( )\___ | '_ | '_| | '_ \/ _` | \ \ \ \
 \\/  ___)| |_)| | | | | || (_| |  ) ) ) )
  '  |____| .__|_| |_|_| |_\__, | / / / /
 =========|_|==============|___/=/_/_/_/
 :: Spring Boot ::                (v2.7.3)

2022-09-28 01:42:20.264  INFO 57744 --- [    Test worker] c.c.c.product.ProductControllerUnitTest  : Starting ProductControllerUnitTest using Java 11.0.15 on seochaewon-ui-MacBookPro.local with PID 57744 (started by seochaewon in /Users/seochaewon/IdeaProjects/chaewsstore)
2022-09-28 01:42:20.264  INFO 57744 --- [    Test worker] c.c.c.product.ProductControllerUnitTest  : No active profile set, falling back to 1 default profile: "default"
2022-09-28 01:42:20.420  WARN 57744 --- [    Test worker] .s.s.UserDetailsServiceAutoConfiguration : 

Using generated security password: f63fc21b-740e-47bb-8685-2dd90cb53228

This generated password is for development use only. Your security configuration must be updated before running your application in production.

2022-09-28 01:42:20.450  INFO 57744 --- [    Test worker] o.s.s.web.DefaultSecurityFilterChain     : Will secure any request with [org.springframework.security.web.session.DisableEncodeUrlFilter@63a9ab7d, org.springframework.security.web.context.request.async.WebAsyncManagerIntegrationFilter@731660c1, org.springframework.security.web.context.SecurityContextPersistenceFilter@7fef75e1, org.springframework.security.web.header.HeaderWriterFilter@40406a3f, org.springframework.security.web.csrf.CsrfFilter@71e064b2, org.springframework.security.web.authentication.logout.LogoutFilter@2f42f20f, org.springframework.security.web.authentication.UsernamePasswordAuthenticationFilter@3e42cff9, org.springframework.security.web.authentication.ui.DefaultLoginPageGeneratingFilter@2d99b35f, org.springframework.security.web.authentication.ui.DefaultLogoutPageGeneratingFilter@5b83545d, org.springframework.security.web.authentication.www.BasicAuthenticationFilter@1989a143, org.springframework.security.web.savedrequest.RequestCacheAwareFilter@2174fda1, org.springframework.security.web.servletapi.SecurityContextHolderAwareRequestFilter@62267a22, org.springframework.security.web.authentication.AnonymousAuthenticationFilter@f5475d7, org.springframework.security.web.session.SessionManagementFilter@d58550c, org.springframework.security.web.access.ExceptionTranslationFilter@6b16aa6f, org.springframework.security.web.access.intercept.FilterSecurityInterceptor@63ae7031]
2022-09-28 01:42:20.463  INFO 57744 --- [    Test worker] o.s.b.t.m.w.SpringBootMockServletContext : Initializing Spring TestDispatcherServlet ''
2022-09-28 01:42:20.463  INFO 57744 --- [    Test worker] o.s.t.web.servlet.TestDispatcherServlet  : Initializing Servlet ''
2022-09-28 01:42:20.463  INFO 57744 --- [    Test worker] o.s.t.web.servlet.TestDispatcherServlet  : Completed initialization in 0 ms
2022-09-28 01:42:20.468  INFO 57744 --- [    Test worker] c.c.c.product.ProductControllerUnitTest  : Started ProductControllerUnitTest in 0.211 seconds (JVM running for 4.62)
2022-09-28 01:42:20.471  INFO 57744 --- [    Test worker] o.s.b.t.m.w.SpringBootMockServletContext : Initializing Spring TestDispatcherServlet ''
2022-09-28 01:42:20.471  INFO 57744 --- [    Test worker] o.s.t.web.servlet.TestDispatcherServlet  : Initializing Servlet ''
2022-09-28 01:42:20.471  INFO 57744 --- [    Test worker] o.s.t.web.servlet.TestDispatcherServlet  : Completed initialization in 0 ms

MockHttpServletRequest:
      HTTP Method = GET
      Request URI = /products/1
       Parameters = {}
          Headers = [Authorization:"Bearer (accessToken)", Accept:"application/json"]
             Body = null
    Session Attrs = {}

Handler:
             Type = com.chaewsscode.chaewsstore.product.controller.ProductController
           Method = com.chaewsscode.chaewsstore.product.controller.ProductController#readProduct(Long)

Async:
    Async started = false
     Async result = null

Resolved Exception:
             Type = null

ModelAndView:
        View name = null
             View = null
            Model = null

FlashMap:
       Attributes = null

MockHttpServletResponse:
           Status = 200
    Error message = null
          Headers = [Content-Type:"application/json;charset=UTF-8"]
     Content type = application/json;charset=UTF-8
             Body = {"timestamp":"2022-09-28T01:42:20.473366","code":"READ_PRODUCT_SUCCESS","status":"OK","detail":"상품 상세 조회 성공","data":{"id":1,"name":"자전거","price":70000,"isSold":false,"accountId":2,"createdAt":null}}
    Forwarded URL = null
   Redirected URL = null
          Cookies = []

MockHttpServletRequest:
      HTTP Method = GET
      Request URI = /products/1
       Parameters = {}
          Headers = [Authorization:"Bearer (accessToken)", Accept:"application/json"]
             Body = null
    Session Attrs = {}

Handler:
             Type = com.chaewsscode.chaewsstore.product.controller.ProductController
           Method = com.chaewsscode.chaewsstore.product.controller.ProductController#readProduct(Long)

Async:
    Async started = false
     Async result = null

Resolved Exception:
             Type = null

ModelAndView:
        View name = null
             View = null
            Model = null

FlashMap:
       Attributes = null

MockHttpServletResponse:
           Status = 200
    Error message = null
          Headers = [Content-Type:"application/json;charset=UTF-8"]
     Content type = application/json;charset=UTF-8
             Body = {"timestamp":"2022-09-28T01:42:20.473366","code":"READ_PRODUCT_SUCCESS","status":"OK","detail":"상품 상세 조회 성공","data":{"id":1,"name":"자전거","price":70000,"isSold":false,"accountId":2,"createdAt":null}}
    Forwarded URL = null
   Redirected URL = null
          Cookies = []

MockHttpServletRequest:
      HTTP Method = GET
      Request URI = /products/1
       Parameters = {}
          Headers = [Authorization:"Bearer (accessToken)", Accept:"application/json"]
             Body = null
    Session Attrs = {}

Handler:
             Type = com.chaewsscode.chaewsstore.product.controller.ProductController
           Method = com.chaewsscode.chaewsstore.product.controller.ProductController#readProduct(Long)

Async:
    Async started = false
     Async result = null

Resolved Exception:
             Type = null

ModelAndView:
        View name = null
             View = null
            Model = null

FlashMap:
       Attributes = null

MockHttpServletResponse:
           Status = 200
    Error message = null
          Headers = [Content-Type:"application/json;charset=UTF-8"]
     Content type = application/json;charset=UTF-8
             Body = {"timestamp":"2022-09-28T01:42:20.473366","code":"READ_PRODUCT_SUCCESS","status":"OK","detail":"상품 상세 조회 성공","data":{"id":1,"name":"자전거","price":70000,"isSold":false,"accountId":2,"createdAt":null}}
    Forwarded URL = null
   Redirected URL = null
          Cookies = []
2022-09-28 01:42:20.483  INFO 57744 --- [    Test worker] o.s.b.t.m.w.SpringBootMockServletContext : Initializing Spring TestDispatcherServlet ''
2022-09-28 01:42:20.483  INFO 57744 --- [    Test worker] o.s.t.web.servlet.TestDispatcherServlet  : Initializing Servlet ''
2022-09-28 01:42:20.483  INFO 57744 --- [    Test worker] o.s.t.web.servlet.TestDispatcherServlet  : Completed initialization in 0 ms

MockHttpServletRequest:
      HTTP Method = DELETE
      Request URI = /products/1
       Parameters = {}
          Headers = [Authorization:"Bearer (accessToken)"]
             Body = null
    Session Attrs = {}

Handler:
             Type = com.chaewsscode.chaewsstore.product.controller.ProductController
           Method = com.chaewsscode.chaewsstore.product.controller.ProductController#deleteProduct(Account, Long)

Async:
    Async started = false
     Async result = null

Resolved Exception:
             Type = null

ModelAndView:
        View name = null
             View = null
            Model = null

FlashMap:
       Attributes = null

MockHttpServletResponse:
           Status = 200
    Error message = null
          Headers = [Content-Type:"application/json;charset=UTF-8"]
     Content type = application/json;charset=UTF-8
             Body = {"timestamp":"2022-09-28T01:42:20.484277","code":"DELETE_PRODUCT_SUCCESS","status":"OK","detail":"상품 삭제 성공"}
    Forwarded URL = null
   Redirected URL = null
          Cookies = []

MockHttpServletRequest:
      HTTP Method = DELETE
      Request URI = /products/1
       Parameters = {}
          Headers = [Authorization:"Bearer (accessToken)"]
             Body = null
    Session Attrs = {}

Handler:
             Type = com.chaewsscode.chaewsstore.product.controller.ProductController
           Method = com.chaewsscode.chaewsstore.product.controller.ProductController#deleteProduct(Account, Long)

Async:
    Async started = false
     Async result = null

Resolved Exception:
             Type = null

ModelAndView:
        View name = null
             View = null
            Model = null

FlashMap:
       Attributes = null

MockHttpServletResponse:
           Status = 200
    Error message = null
          Headers = [Content-Type:"application/json;charset=UTF-8"]
     Content type = application/json;charset=UTF-8
             Body = {"timestamp":"2022-09-28T01:42:20.484277","code":"DELETE_PRODUCT_SUCCESS","status":"OK","detail":"상품 삭제 성공"}
    Forwarded URL = null
   Redirected URL = null
          Cookies = []
2022-09-28 01:42:20.489  INFO 57744 --- [    Test worker] o.s.b.t.m.w.SpringBootMockServletContext : Initializing Spring TestDispatcherServlet ''
2022-09-28 01:42:20.490  INFO 57744 --- [    Test worker] o.s.t.web.servlet.TestDispatcherServlet  : Initializing Servlet ''
2022-09-28 01:42:20.490  INFO 57744 --- [    Test worker] o.s.t.web.servlet.TestDispatcherServlet  : Completed initialization in 0 ms

MockHttpServletRequest:
      HTTP Method = POST
      Request URI = /products
       Parameters = {}
          Headers = [Content-Type:"application/json;charset=UTF-8", Authorization:"Bearer (accessToken)", Accept:"application/json", Content-Length:"34"]
             Body = {"name":"에어팟","price":80000}
    Session Attrs = {}

Handler:
             Type = com.chaewsscode.chaewsstore.product.controller.ProductController
           Method = com.chaewsscode.chaewsstore.product.controller.ProductController#createProduct(Account, ProductRequestDto)

Async:
    Async started = false
     Async result = null

Resolved Exception:
             Type = null

ModelAndView:
        View name = null
             View = null
            Model = null

FlashMap:
       Attributes = null

MockHttpServletResponse:
           Status = 201
    Error message = null
          Headers = [Content-Type:"application/json;charset=UTF-8"]
     Content type = application/json;charset=UTF-8
             Body = {"timestamp":"2022-09-28T01:42:20.492697","code":"CREATE_PRODUCT_SUCCESS","status":"CREATED","detail":"상품 등록 성공","data":{"id":4,"name":"에어팟","price":80000,"isSold":false,"accountId":2,"createdAt":null}}
    Forwarded URL = null
   Redirected URL = null
          Cookies = []

MockHttpServletRequest:
      HTTP Method = POST
      Request URI = /products
       Parameters = {}
          Headers = [Content-Type:"application/json;charset=UTF-8", Authorization:"Bearer (accessToken)", Accept:"application/json", Content-Length:"34"]
             Body = {"name":"에어팟","price":80000}
    Session Attrs = {}

Handler:
             Type = com.chaewsscode.chaewsstore.product.controller.ProductController
           Method = com.chaewsscode.chaewsstore.product.controller.ProductController#createProduct(Account, ProductRequestDto)

Async:
    Async started = false
     Async result = null

Resolved Exception:
             Type = null

ModelAndView:
        View name = null
             View = null
            Model = null

FlashMap:
       Attributes = null

MockHttpServletResponse:
           Status = 201
    Error message = null
          Headers = [Content-Type:"application/json;charset=UTF-8"]
     Content type = application/json;charset=UTF-8
             Body = {"timestamp":"2022-09-28T01:42:20.492697","code":"CREATE_PRODUCT_SUCCESS","status":"CREATED","detail":"상품 등록 성공","data":{"id":4,"name":"에어팟","price":80000,"isSold":false,"accountId":2,"createdAt":null}}
    Forwarded URL = null
   Redirected URL = null
          Cookies = []

MockHttpServletRequest:
      HTTP Method = POST
      Request URI = /products
       Parameters = {}
          Headers = [Content-Type:"application/json;charset=UTF-8", Authorization:"Bearer (accessToken)", Accept:"application/json", Content-Length:"34"]
             Body = {"name":"에어팟","price":80000}
    Session Attrs = {}

Handler:
             Type = com.chaewsscode.chaewsstore.product.controller.ProductController
           Method = com.chaewsscode.chaewsstore.product.controller.ProductController#createProduct(Account, ProductRequestDto)

Async:
    Async started = false
     Async result = null

Resolved Exception:
             Type = null

ModelAndView:
        View name = null
             View = null
            Model = null

FlashMap:
       Attributes = null

MockHttpServletResponse:
           Status = 201
    Error message = null
          Headers = [Content-Type:"application/json;charset=UTF-8"]
     Content type = application/json;charset=UTF-8
             Body = {"timestamp":"2022-09-28T01:42:20.492697","code":"CREATE_PRODUCT_SUCCESS","status":"CREATED","detail":"상품 등록 성공","data":{"id":4,"name":"에어팟","price":80000,"isSold":false,"accountId":2,"createdAt":null}}
    Forwarded URL = null
   Redirected URL = null
          Cookies = []
2022-09-28 01:42:20.501  INFO 57744 --- [    Test worker] o.s.b.t.m.w.SpringBootMockServletContext : Initializing Spring TestDispatcherServlet ''
2022-09-28 01:42:20.501  INFO 57744 --- [    Test worker] o.s.t.web.servlet.TestDispatcherServlet  : Initializing Servlet ''
2022-09-28 01:42:20.501  INFO 57744 --- [    Test worker] o.s.t.web.servlet.TestDispatcherServlet  : Completed initialization in 0 ms

MockHttpServletRequest:
      HTTP Method = GET
      Request URI = /products/my
       Parameters = {page=[0], sort=[createdAt]}
          Headers = [Authorization:"Bearer (accessToken)", Accept:"application/json"]
             Body = null
    Session Attrs = {}

Handler:
             Type = com.chaewsscode.chaewsstore.product.controller.ProductController
           Method = com.chaewsscode.chaewsstore.product.controller.ProductController#readMyProducts(Account, Pageable)

Async:
    Async started = false
     Async result = null

Resolved Exception:
             Type = null

ModelAndView:
        View name = null
             View = null
            Model = null

FlashMap:
       Attributes = null

MockHttpServletResponse:
           Status = 200
    Error message = null
          Headers = [Content-Type:"application/json;charset=UTF-8"]
     Content type = application/json;charset=UTF-8
             Body = {"timestamp":"2022-09-28T01:42:20.502656","code":"READ_MY_PRODUCTS_SUCCESS","status":"OK","detail":"내 상품 목록 조회 성공","data":{"content":[{"id":1,"name":"자전거","price":70000,"isSold":false,"accountId":2,"createdAt":null},{"id":3,"name":"자전거 바구니","price":2000,"isSold":false,"accountId":2,"createdAt":null}],"pageable":"INSTANCE","last":true,"totalPages":1,"totalElements":2,"sort":{"empty":true,"sorted":false,"unsorted":true},"size":2,"first":true,"number":0,"numberOfElements":2,"empty":false}}
    Forwarded URL = null
   Redirected URL = null
          Cookies = []

MockHttpServletRequest:
      HTTP Method = GET
      Request URI = /products/my
       Parameters = {page=[0], sort=[createdAt]}
          Headers = [Authorization:"Bearer (accessToken)", Accept:"application/json"]
             Body = null
    Session Attrs = {}

Handler:
             Type = com.chaewsscode.chaewsstore.product.controller.ProductController
           Method = com.chaewsscode.chaewsstore.product.controller.ProductController#readMyProducts(Account, Pageable)

Async:
    Async started = false
     Async result = null

Resolved Exception:
             Type = null

ModelAndView:
        View name = null
             View = null
            Model = null

FlashMap:
       Attributes = null

MockHttpServletResponse:
           Status = 200
    Error message = null
          Headers = [Content-Type:"application/json;charset=UTF-8"]
     Content type = application/json;charset=UTF-8
             Body = {"timestamp":"2022-09-28T01:42:20.502656","code":"READ_MY_PRODUCTS_SUCCESS","status":"OK","detail":"내 상품 목록 조회 성공","data":{"content":[{"id":1,"name":"자전거","price":70000,"isSold":false,"accountId":2,"createdAt":null},{"id":3,"name":"자전거 바구니","price":2000,"isSold":false,"accountId":2,"createdAt":null}],"pageable":"INSTANCE","last":true,"totalPages":1,"totalElements":2,"sort":{"empty":true,"sorted":false,"unsorted":true},"size":2,"first":true,"number":0,"numberOfElements":2,"empty":false}}
    Forwarded URL = null
   Redirected URL = null
          Cookies = []

MockHttpServletRequest:
      HTTP Method = GET
      Request URI = /products/my
       Parameters = {page=[0], sort=[createdAt]}
          Headers = [Authorization:"Bearer (accessToken)", Accept:"application/json"]
             Body = null
    Session Attrs = {}

Handler:
             Type = com.chaewsscode.chaewsstore.product.controller.ProductController
           Method = com.chaewsscode.chaewsstore.product.controller.ProductController#readMyProducts(Account, Pageable)

Async:
    Async started = false
     Async result = null

Resolved Exception:
             Type = null

ModelAndView:
        View name = null
             View = null
            Model = null

FlashMap:
       Attributes = null

MockHttpServletResponse:
           Status = 200
    Error message = null
          Headers = [Content-Type:"application/json;charset=UTF-8"]
     Content type = application/json;charset=UTF-8
             Body = {"timestamp":"2022-09-28T01:42:20.502656","code":"READ_MY_PRODUCTS_SUCCESS","status":"OK","detail":"내 상품 목록 조회 성공","data":{"content":[{"id":1,"name":"자전거","price":70000,"isSold":false,"accountId":2,"createdAt":null},{"id":3,"name":"자전거 바구니","price":2000,"isSold":false,"accountId":2,"createdAt":null}],"pageable":"INSTANCE","last":true,"totalPages":1,"totalElements":2,"sort":{"empty":true,"sorted":false,"unsorted":true},"size":2,"first":true,"number":0,"numberOfElements":2,"empty":false}}
    Forwarded URL = null
   Redirected URL = null
          Cookies = []
2022-09-28 01:42:20.513  INFO 57744 --- [    Test worker] o.s.b.t.m.w.SpringBootMockServletContext : Initializing Spring TestDispatcherServlet ''
2022-09-28 01:42:20.513  INFO 57744 --- [    Test worker] o.s.t.web.servlet.TestDispatcherServlet  : Initializing Servlet ''
2022-09-28 01:42:20.513  INFO 57744 --- [    Test worker] o.s.t.web.servlet.TestDispatcherServlet  : Completed initialization in 0 ms

MockHttpServletRequest:
      HTTP Method = GET
      Request URI = /products
       Parameters = {page=[0], sort=[createdAt]}
          Headers = [Authorization:"Bearer (accessToken)", Accept:"application/json"]
             Body = null
    Session Attrs = {}

Handler:
             Type = com.chaewsscode.chaewsstore.product.controller.ProductController
           Method = com.chaewsscode.chaewsstore.product.controller.ProductController#readProducts(Pageable)

Async:
    Async started = false
     Async result = null

Resolved Exception:
             Type = null

ModelAndView:
        View name = null
             View = null
            Model = null

FlashMap:
       Attributes = null

MockHttpServletResponse:
           Status = 200
    Error message = null
          Headers = [Content-Type:"application/json;charset=UTF-8"]
     Content type = application/json;charset=UTF-8
             Body = {"timestamp":"2022-09-28T01:42:20.514331","code":"READ_PRODUCTS_SUCCESS","status":"OK","detail":"전체 상품 목록 조회 성공","data":{"content":[{"id":1,"name":"자전거","price":7000,"isSold":false,"accountId":2,"createdAt":null},{"id":2,"name":"다리미","price":30000,"isSold":false,"accountId":1,"createdAt":null},{"id":3,"name":"자전거 바구니","price":2000,"isSold":false,"accountId":2,"createdAt":null}],"pageable":"INSTANCE","last":true,"totalPages":1,"totalElements":3,"sort":{"empty":true,"sorted":false,"unsorted":true},"size":3,"first":true,"number":0,"numberOfElements":3,"empty":false}}
    Forwarded URL = null
   Redirected URL = null
          Cookies = []

MockHttpServletRequest:
      HTTP Method = GET
      Request URI = /products
       Parameters = {page=[0], sort=[createdAt]}
          Headers = [Authorization:"Bearer (accessToken)", Accept:"application/json"]
             Body = null
    Session Attrs = {}

Handler:
             Type = com.chaewsscode.chaewsstore.product.controller.ProductController
           Method = com.chaewsscode.chaewsstore.product.controller.ProductController#readProducts(Pageable)

Async:
    Async started = false
     Async result = null

Resolved Exception:
             Type = null

ModelAndView:
        View name = null
             View = null
            Model = null

FlashMap:
       Attributes = null

MockHttpServletResponse:
           Status = 200
    Error message = null
          Headers = [Content-Type:"application/json;charset=UTF-8"]
     Content type = application/json;charset=UTF-8
             Body = {"timestamp":"2022-09-28T01:42:20.514331","code":"READ_PRODUCTS_SUCCESS","status":"OK","detail":"전체 상품 목록 조회 성공","data":{"content":[{"id":1,"name":"자전거","price":7000,"isSold":false,"accountId":2,"createdAt":null},{"id":2,"name":"다리미","price":30000,"isSold":false,"accountId":1,"createdAt":null},{"id":3,"name":"자전거 바구니","price":2000,"isSold":false,"accountId":2,"createdAt":null}],"pageable":"INSTANCE","last":true,"totalPages":1,"totalElements":3,"sort":{"empty":true,"sorted":false,"unsorted":true},"size":3,"first":true,"number":0,"numberOfElements":3,"empty":false}}
    Forwarded URL = null
   Redirected URL = null
          Cookies = []

MockHttpServletRequest:
      HTTP Method = GET
      Request URI = /products
       Parameters = {page=[0], sort=[createdAt]}
          Headers = [Authorization:"Bearer (accessToken)", Accept:"application/json"]
             Body = null
    Session Attrs = {}

Handler:
             Type = com.chaewsscode.chaewsstore.product.controller.ProductController
           Method = com.chaewsscode.chaewsstore.product.controller.ProductController#readProducts(Pageable)

Async:
    Async started = false
     Async result = null

Resolved Exception:
             Type = null

ModelAndView:
        View name = null
             View = null
            Model = null

FlashMap:
       Attributes = null

MockHttpServletResponse:
           Status = 200
    Error message = null
          Headers = [Content-Type:"application/json;charset=UTF-8"]
     Content type = application/json;charset=UTF-8
             Body = {"timestamp":"2022-09-28T01:42:20.514331","code":"READ_PRODUCTS_SUCCESS","status":"OK","detail":"전체 상품 목록 조회 성공","data":{"content":[{"id":1,"name":"자전거","price":7000,"isSold":false,"accountId":2,"createdAt":null},{"id":2,"name":"다리미","price":30000,"isSold":false,"accountId":1,"createdAt":null},{"id":3,"name":"자전거 바구니","price":2000,"isSold":false,"accountId":2,"createdAt":null}],"pageable":"INSTANCE","last":true,"totalPages":1,"totalElements":3,"sort":{"empty":true,"sorted":false,"unsorted":true},"size":3,"first":true,"number":0,"numberOfElements":3,"empty":false}}
    Forwarded URL = null
   Redirected URL = null
          Cookies = []
2022-09-28 01:42:20.523  INFO 57744 --- [    Test worker] o.s.b.t.m.w.SpringBootMockServletContext : Initializing Spring TestDispatcherServlet ''
2022-09-28 01:42:20.524  INFO 57744 --- [    Test worker] o.s.t.web.servlet.TestDispatcherServlet  : Initializing Servlet ''
2022-09-28 01:42:20.524  INFO 57744 --- [    Test worker] o.s.t.web.servlet.TestDispatcherServlet  : Completed initialization in 0 ms

MockHttpServletRequest:
      HTTP Method = PATCH
      Request URI = /products/4
       Parameters = {}
          Headers = [Content-Type:"application/json;charset=UTF-8", Authorization:"Bearer (accessToken)", Accept:"application/json", Content-Length:"29"]
             Body = {"price":90000,"isSold":true}
    Session Attrs = {}

Handler:
             Type = com.chaewsscode.chaewsstore.product.controller.ProductController
           Method = com.chaewsscode.chaewsstore.product.controller.ProductController#updateProduct(Account, Long, UpdateProductRequestDto)

Async:
    Async started = false
     Async result = null

Resolved Exception:
             Type = null

ModelAndView:
        View name = null
             View = null
            Model = null

FlashMap:
       Attributes = null

MockHttpServletResponse:
           Status = 200
    Error message = null
          Headers = [Content-Type:"application/json;charset=UTF-8"]
     Content type = application/json;charset=UTF-8
             Body = {"timestamp":"2022-09-28T01:42:20.526725","code":"UPDATE_PRODUCT_SUCCESS","status":"OK","detail":"상품 수정 성공","data":{"id":4,"name":"에어팟","price":90000,"isSold":true,"accountId":2,"createdAt":null}}
    Forwarded URL = null
   Redirected URL = null
          Cookies = []

MockHttpServletRequest:
      HTTP Method = PATCH
      Request URI = /products/4
       Parameters = {}
          Headers = [Content-Type:"application/json;charset=UTF-8", Authorization:"Bearer (accessToken)", Accept:"application/json", Content-Length:"29"]
             Body = {"price":90000,"isSold":true}
    Session Attrs = {}

Handler:
             Type = com.chaewsscode.chaewsstore.product.controller.ProductController
           Method = com.chaewsscode.chaewsstore.product.controller.ProductController#updateProduct(Account, Long, UpdateProductRequestDto)

Async:
    Async started = false
     Async result = null

Resolved Exception:
             Type = null

ModelAndView:
        View name = null
             View = null
            Model = null

FlashMap:
       Attributes = null

MockHttpServletResponse:
           Status = 200
    Error message = null
          Headers = [Content-Type:"application/json;charset=UTF-8"]
     Content type = application/json;charset=UTF-8
             Body = {"timestamp":"2022-09-28T01:42:20.526725","code":"UPDATE_PRODUCT_SUCCESS","status":"OK","detail":"상품 수정 성공","data":{"id":4,"name":"에어팟","price":90000,"isSold":true,"accountId":2,"createdAt":null}}
    Forwarded URL = null
   Redirected URL = null
          Cookies = []

MockHttpServletRequest:
      HTTP Method = PATCH
      Request URI = /products/4
       Parameters = {}
          Headers = [Content-Type:"application/json;charset=UTF-8", Authorization:"Bearer (accessToken)", Accept:"application/json", Content-Length:"29"]
             Body = {"price":90000,"isSold":true}
    Session Attrs = {}

Handler:
             Type = com.chaewsscode.chaewsstore.product.controller.ProductController
           Method = com.chaewsscode.chaewsstore.product.controller.ProductController#updateProduct(Account, Long, UpdateProductRequestDto)

Async:
    Async started = false
     Async result = null

Resolved Exception:
             Type = null

ModelAndView:
        View name = null
             View = null
            Model = null

FlashMap:
       Attributes = null

MockHttpServletResponse:
           Status = 200
    Error message = null
          Headers = [Content-Type:"application/json;charset=UTF-8"]
     Content type = application/json;charset=UTF-8
             Body = {"timestamp":"2022-09-28T01:42:20.526725","code":"UPDATE_PRODUCT_SUCCESS","status":"OK","detail":"상품 수정 성공","data":{"id":4,"name":"에어팟","price":90000,"isSold":true,"accountId":2,"createdAt":null}}
    Forwarded URL = null
   Redirected URL = null
          Cookies = []
]]></system-out>
  <system-err><![CDATA[]]></system-err>
</testsuite>
