<?xml version="1.0" encoding="UTF-8"?>
<testsuite name="com.chaewsscode.chaewsstore.auth.AuthControllerUnitTest" tests="4" skipped="0" failures="0" errors="0" timestamp="2022-09-27T16:42:19" hostname="seochaewon-ui-MacBookPro.local" time="0.187">
  <properties/>
  <testcase name="비밀번호 재설정 테스트" classname="com.chaewsscode.chaewsstore.auth.AuthControllerUnitTest" time="0.124"/>
  <testcase name="로그인 테스트" classname="com.chaewsscode.chaewsstore.auth.AuthControllerUnitTest" time="0.025"/>
  <testcase name="회원가입 테스트" classname="com.chaewsscode.chaewsstore.auth.AuthControllerUnitTest" time="0.013"/>
  <testcase name="로그아웃 테스트" classname="com.chaewsscode.chaewsstore.auth.AuthControllerUnitTest" time="0.02"/>
  <system-out><![CDATA[2022-09-28 01:42:19.309  INFO 57744 --- [    Test worker] .b.t.a.w.s.WebMvcTestContextBootstrapper : Neither @ContextConfiguration nor @ContextHierarchy found for test class [com.chaewsscode.chaewsstore.auth.AuthControllerUnitTest], using SpringBootContextLoader
2022-09-28 01:42:19.310  INFO 57744 --- [    Test worker] o.s.t.c.support.AbstractContextLoader    : Could not detect default resource locations for test class [com.chaewsscode.chaewsstore.auth.AuthControllerUnitTest]: no resource found for suffixes {-context.xml, Context.groovy}.
2022-09-28 01:42:19.310  INFO 57744 --- [    Test worker] t.c.s.AnnotationConfigContextLoaderUtils : Could not detect default configuration classes for test class [com.chaewsscode.chaewsstore.auth.AuthControllerUnitTest]: AuthControllerUnitTest does not declare any static, non-private, non-final, nested classes annotated with @Configuration.
2022-09-28 01:42:19.319  INFO 57744 --- [    Test worker] .b.t.c.SpringBootTestContextBootstrapper : Found @SpringBootConfiguration com.chaewsscode.chaewsstore.ChaewsstoreApplication for test class com.chaewsscode.chaewsstore.auth.AuthControllerUnitTest
2022-09-28 01:42:19.320  INFO 57744 --- [    Test worker] .b.t.a.w.s.WebMvcTestContextBootstrapper : Loaded default TestExecutionListener class names from location [META-INF/spring.factories]: [org.springframework.security.test.context.support.WithSecurityContextTestExecutionListener, org.springframework.security.test.context.support.ReactorContextTestExecutionListener, org.springframework.boot.test.autoconfigure.restdocs.RestDocsTestExecutionListener, org.springframework.boot.test.autoconfigure.web.client.MockRestServiceServerResetTestExecutionListener, org.springframework.boot.test.autoconfigure.web.servlet.MockMvcPrintOnlyOnFailureTestExecutionListener, org.springframework.boot.test.autoconfigure.web.servlet.WebDriverTestExecutionListener, org.springframework.boot.test.autoconfigure.webservices.client.MockWebServiceServerTestExecutionListener, org.springframework.boot.test.mock.mockito.MockitoTestExecutionListener, org.springframework.boot.test.mock.mockito.ResetMocksTestExecutionListener, org.springframework.test.context.web.ServletTestExecutionListener, org.springframework.test.context.support.DirtiesContextBeforeModesTestExecutionListener, org.springframework.test.context.event.ApplicationEventsTestExecutionListener, org.springframework.test.context.support.DependencyInjectionTestExecutionListener, org.springframework.test.context.support.DirtiesContextTestExecutionListener, org.springframework.test.context.transaction.TransactionalTestExecutionListener, org.springframework.test.context.jdbc.SqlScriptsTestExecutionListener, org.springframework.test.context.event.EventPublishingTestExecutionListener]
2022-09-28 01:42:19.320  INFO 57744 --- [    Test worker] .b.t.a.w.s.WebMvcTestContextBootstrapper : Using TestExecutionListeners: [org.springframework.test.context.web.ServletTestExecutionListener@67857a20, org.springframework.test.context.support.DirtiesContextBeforeModesTestExecutionListener@238cac6, org.springframework.test.context.event.ApplicationEventsTestExecutionListener@2bcaec2e, org.springframework.boot.test.mock.mockito.MockitoTestExecutionListener@45cce4c2, org.springframework.boot.test.autoconfigure.SpringBootDependencyInjectionTestExecutionListener@9d4d221, org.springframework.test.context.support.DirtiesContextTestExecutionListener@4dfe5727, org.springframework.test.context.transaction.TransactionalTestExecutionListener@3129792a, org.springframework.test.context.jdbc.SqlScriptsTestExecutionListener@13617139, org.springframework.security.test.context.support.WithSecurityContextTestExecutionListener@3c0becae, org.springframework.test.context.event.EventPublishingTestExecutionListener@373c367, org.springframework.security.test.context.support.ReactorContextTestExecutionListener@79690a0a, org.springframework.boot.test.autoconfigure.restdocs.RestDocsTestExecutionListener@619944a7, org.springframework.boot.test.autoconfigure.web.client.MockRestServiceServerResetTestExecutionListener@294aaa6, org.springframework.boot.test.autoconfigure.web.servlet.MockMvcPrintOnlyOnFailureTestExecutionListener@1f612968, org.springframework.boot.test.autoconfigure.web.servlet.WebDriverTestExecutionListener@2ee949d4, org.springframework.boot.test.autoconfigure.webservices.client.MockWebServiceServerTestExecutionListener@57e9cd2, org.springframework.boot.test.mock.mockito.ResetMocksTestExecutionListener@2298d741]

  .   ____          _            __ _ _
 /\\ / ___'_ __ _ _(_)_ __  __ _ \ \ \ \
( ( )\___ | '_ | '_| | '_ \/ _` | \ \ \ \
 \\/  ___)| |_)| | | | | || (_| |  ) ) ) )
  '  |____| .__|_| |_|_| |_\__, | / / / /
 =========|_|==============|___/=/_/_/_/
 :: Spring Boot ::                (v2.7.3)

2022-09-28 01:42:19.330  INFO 57744 --- [    Test worker] c.c.c.auth.AuthControllerUnitTest        : Starting AuthControllerUnitTest using Java 11.0.15 on seochaewon-ui-MacBookPro.local with PID 57744 (started by seochaewon in /Users/seochaewon/IdeaProjects/chaewsstore)
2022-09-28 01:42:19.331  INFO 57744 --- [    Test worker] c.c.c.auth.AuthControllerUnitTest        : No active profile set, falling back to 1 default profile: "default"
2022-09-28 01:42:19.628  INFO 57744 --- [    Test worker] o.s.s.web.DefaultSecurityFilterChain     : Will secure any request with [org.springframework.security.web.session.DisableEncodeUrlFilter@2e6ca6b5, org.springframework.security.web.context.request.async.WebAsyncManagerIntegrationFilter@2c9616bb, org.springframework.security.web.context.SecurityContextPersistenceFilter@2ab91b65, org.springframework.security.web.header.HeaderWriterFilter@70bbc163, org.springframework.security.web.csrf.CsrfFilter@3a89f2a0, org.springframework.security.web.authentication.logout.LogoutFilter@7220ff10, org.springframework.security.web.authentication.UsernamePasswordAuthenticationFilter@428e875f, org.springframework.security.web.authentication.ui.DefaultLoginPageGeneratingFilter@1ec8afc4, org.springframework.security.web.authentication.ui.DefaultLogoutPageGeneratingFilter@269fe2fe, org.springframework.security.web.authentication.www.BasicAuthenticationFilter@3cd6cab5, org.springframework.security.web.savedrequest.RequestCacheAwareFilter@3e03d75e, org.springframework.security.web.servletapi.SecurityContextHolderAwareRequestFilter@109db924, org.springframework.security.web.authentication.AnonymousAuthenticationFilter@1635e239, org.springframework.security.web.session.SessionManagementFilter@3b26afbc, org.springframework.security.web.access.ExceptionTranslationFilter@5522f9b, org.springframework.security.web.access.intercept.FilterSecurityInterceptor@404a7c61]
2022-09-28 01:42:19.656  INFO 57744 --- [    Test worker] o.s.b.t.m.w.SpringBootMockServletContext : Initializing Spring TestDispatcherServlet ''
2022-09-28 01:42:19.656  INFO 57744 --- [    Test worker] o.s.t.web.servlet.TestDispatcherServlet  : Initializing Servlet ''
2022-09-28 01:42:19.656  INFO 57744 --- [    Test worker] o.s.t.web.servlet.TestDispatcherServlet  : Completed initialization in 0 ms
2022-09-28 01:42:19.662  INFO 57744 --- [    Test worker] c.c.c.auth.AuthControllerUnitTest        : Started AuthControllerUnitTest in 0.341 seconds (JVM running for 3.814)
2022-09-28 01:42:19.677  INFO 57744 --- [    Test worker] o.s.b.t.m.w.SpringBootMockServletContext : Initializing Spring TestDispatcherServlet ''
2022-09-28 01:42:19.677  INFO 57744 --- [    Test worker] o.s.t.web.servlet.TestDispatcherServlet  : Initializing Servlet ''
2022-09-28 01:42:19.678  INFO 57744 --- [    Test worker] o.s.t.web.servlet.TestDispatcherServlet  : Completed initialization in 1 ms

MockHttpServletRequest:
      HTTP Method = POST
      Request URI = /auth/reset-password
       Parameters = {}
          Headers = [Content-Type:"application/json;charset=UTF-8", Accept:"application/json", Content-Length:"45"]
             Body = {"username":"tiger","password":"abcdefg123!"}
    Session Attrs = {}

Handler:
             Type = com.chaewsscode.chaewsstore.auth.controller.AuthController
           Method = com.chaewsscode.chaewsstore.auth.controller.AuthController#resetPassword(ResetPasswordRequestDto)

Async:
    Async started = false
     Async result = null

Resolved Exception:
             Type = null

ModelAndView:
        View name = null
             View = null
            Model = null

FlashMap:
       Attributes = null

MockHttpServletResponse:
           Status = 200
    Error message = null
          Headers = [Content-Type:"application/json;charset=UTF-8"]
     Content type = application/json;charset=UTF-8
             Body = {"timestamp":"2022-09-28T01:42:19.753367","code":"RESET_PASSWORD_SUCCESS","status":"OK","detail":"비밀번호 재설정 성공"}
    Forwarded URL = null
   Redirected URL = null
          Cookies = []

MockHttpServletRequest:
      HTTP Method = POST
      Request URI = /auth/reset-password
       Parameters = {}
          Headers = [Content-Type:"application/json;charset=UTF-8", Accept:"application/json", Content-Length:"45"]
             Body = {"username":"tiger","password":"abcdefg123!"}
    Session Attrs = {}

Handler:
             Type = com.chaewsscode.chaewsstore.auth.controller.AuthController
           Method = com.chaewsscode.chaewsstore.auth.controller.AuthController#resetPassword(ResetPasswordRequestDto)

Async:
    Async started = false
     Async result = null

Resolved Exception:
             Type = null

ModelAndView:
        View name = null
             View = null
            Model = null

FlashMap:
       Attributes = null

MockHttpServletResponse:
           Status = 200
    Error message = null
          Headers = [Content-Type:"application/json;charset=UTF-8"]
     Content type = application/json;charset=UTF-8
             Body = {"timestamp":"2022-09-28T01:42:19.753367","code":"RESET_PASSWORD_SUCCESS","status":"OK","detail":"비밀번호 재설정 성공"}
    Forwarded URL = null
   Redirected URL = null
          Cookies = []

MockHttpServletRequest:
      HTTP Method = POST
      Request URI = /auth/reset-password
       Parameters = {}
          Headers = [Content-Type:"application/json;charset=UTF-8", Accept:"application/json", Content-Length:"45"]
             Body = {"username":"tiger","password":"abcdefg123!"}
    Session Attrs = {}

Handler:
             Type = com.chaewsscode.chaewsstore.auth.controller.AuthController
           Method = com.chaewsscode.chaewsstore.auth.controller.AuthController#resetPassword(ResetPasswordRequestDto)

Async:
    Async started = false
     Async result = null

Resolved Exception:
             Type = null

ModelAndView:
        View name = null
             View = null
            Model = null

FlashMap:
       Attributes = null

MockHttpServletResponse:
           Status = 200
    Error message = null
          Headers = [Content-Type:"application/json;charset=UTF-8"]
     Content type = application/json;charset=UTF-8
             Body = {"timestamp":"2022-09-28T01:42:19.753367","code":"RESET_PASSWORD_SUCCESS","status":"OK","detail":"비밀번호 재설정 성공"}
    Forwarded URL = null
   Redirected URL = null
          Cookies = []
2022-09-28 01:42:19.793  INFO 57744 --- [    Test worker] o.s.b.t.m.w.SpringBootMockServletContext : Initializing Spring TestDispatcherServlet ''
2022-09-28 01:42:19.793  INFO 57744 --- [    Test worker] o.s.t.web.servlet.TestDispatcherServlet  : Initializing Servlet ''
2022-09-28 01:42:19.793  INFO 57744 --- [    Test worker] o.s.t.web.servlet.TestDispatcherServlet  : Completed initialization in 0 ms

MockHttpServletRequest:
      HTTP Method = POST
      Request URI = /auth/signin
       Parameters = {}
          Headers = [Content-Type:"application/json;charset=UTF-8", Accept:"application/json", Content-Length:"46"]
             Body = {"username":"tiger","password":"testpassword"}
    Session Attrs = {}

Handler:
             Type = com.chaewsscode.chaewsstore.auth.controller.AuthController
           Method = com.chaewsscode.chaewsstore.auth.controller.AuthController#signin(SigninRequestDto)

Async:
    Async started = false
     Async result = null

Resolved Exception:
             Type = null

ModelAndView:
        View name = null
             View = null
            Model = null

FlashMap:
       Attributes = null

MockHttpServletResponse:
           Status = 200
    Error message = null
          Headers = [Content-Type:"application/json;charset=UTF-8"]
     Content type = application/json;charset=UTF-8
             Body = {"timestamp":"2022-09-28T01:42:19.802402","code":"SIGNIN_SUCCESS","status":"OK","detail":"로그인 성공","data":{"id":1,"username":"tiger","nickname":"testnickname","tokenDto":{"grantType":"Bearer","accessToken":"Bearer (accessToken)","accessTokenExpiresIn":1,"refreshToken":"refreshToken"}}}
    Forwarded URL = null
   Redirected URL = null
          Cookies = []

MockHttpServletRequest:
      HTTP Method = POST
      Request URI = /auth/signin
       Parameters = {}
          Headers = [Content-Type:"application/json;charset=UTF-8", Accept:"application/json", Content-Length:"46"]
             Body = {"username":"tiger","password":"testpassword"}
    Session Attrs = {}

Handler:
             Type = com.chaewsscode.chaewsstore.auth.controller.AuthController
           Method = com.chaewsscode.chaewsstore.auth.controller.AuthController#signin(SigninRequestDto)

Async:
    Async started = false
     Async result = null

Resolved Exception:
             Type = null

ModelAndView:
        View name = null
             View = null
            Model = null

FlashMap:
       Attributes = null

MockHttpServletResponse:
           Status = 200
    Error message = null
          Headers = [Content-Type:"application/json;charset=UTF-8"]
     Content type = application/json;charset=UTF-8
             Body = {"timestamp":"2022-09-28T01:42:19.802402","code":"SIGNIN_SUCCESS","status":"OK","detail":"로그인 성공","data":{"id":1,"username":"tiger","nickname":"testnickname","tokenDto":{"grantType":"Bearer","accessToken":"Bearer (accessToken)","accessTokenExpiresIn":1,"refreshToken":"refreshToken"}}}
    Forwarded URL = null
   Redirected URL = null
          Cookies = []

MockHttpServletRequest:
      HTTP Method = POST
      Request URI = /auth/signin
       Parameters = {}
          Headers = [Content-Type:"application/json;charset=UTF-8", Accept:"application/json", Content-Length:"46"]
             Body = {"username":"tiger","password":"testpassword"}
    Session Attrs = {}

Handler:
             Type = com.chaewsscode.chaewsstore.auth.controller.AuthController
           Method = com.chaewsscode.chaewsstore.auth.controller.AuthController#signin(SigninRequestDto)

Async:
    Async started = false
     Async result = null

Resolved Exception:
             Type = null

ModelAndView:
        View name = null
             View = null
            Model = null

FlashMap:
       Attributes = null

MockHttpServletResponse:
           Status = 200
    Error message = null
          Headers = [Content-Type:"application/json;charset=UTF-8"]
     Content type = application/json;charset=UTF-8
             Body = {"timestamp":"2022-09-28T01:42:19.802402","code":"SIGNIN_SUCCESS","status":"OK","detail":"로그인 성공","data":{"id":1,"username":"tiger","nickname":"testnickname","tokenDto":{"grantType":"Bearer","accessToken":"Bearer (accessToken)","accessTokenExpiresIn":1,"refreshToken":"refreshToken"}}}
    Forwarded URL = null
   Redirected URL = null
          Cookies = []
2022-09-28 01:42:19.818  INFO 57744 --- [    Test worker] o.s.b.t.m.w.SpringBootMockServletContext : Initializing Spring TestDispatcherServlet ''
2022-09-28 01:42:19.819  INFO 57744 --- [    Test worker] o.s.t.web.servlet.TestDispatcherServlet  : Initializing Servlet ''
2022-09-28 01:42:19.819  INFO 57744 --- [    Test worker] o.s.t.web.servlet.TestDispatcherServlet  : Completed initialization in 0 ms

MockHttpServletRequest:
      HTTP Method = POST
      Request URI = /auth/signup
       Parameters = {}
          Headers = [Content-Type:"application/json;charset=UTF-8", Accept:"application/json", Content-Length:"118"]
             Body = {"username":"tiger","password":"abcdefg123!","nickname":"가나다라","phone":"01012345678","email":"abcd@gmail.com"}
    Session Attrs = {}

Handler:
             Type = com.chaewsscode.chaewsstore.auth.controller.AuthController
           Method = com.chaewsscode.chaewsstore.auth.controller.AuthController#signup(SignupRequestDto)

Async:
    Async started = false
     Async result = null

Resolved Exception:
             Type = null

ModelAndView:
        View name = null
             View = null
            Model = null

FlashMap:
       Attributes = null

MockHttpServletResponse:
           Status = 201
    Error message = null
          Headers = [Content-Type:"application/json;charset=UTF-8"]
     Content type = application/json;charset=UTF-8
             Body = {"timestamp":"2022-09-28T01:42:19.82271","code":"SIGNUP_SUCCESS","status":"CREATED","detail":"회원가입 성공"}
    Forwarded URL = null
   Redirected URL = null
          Cookies = []

MockHttpServletRequest:
      HTTP Method = POST
      Request URI = /auth/signup
       Parameters = {}
          Headers = [Content-Type:"application/json;charset=UTF-8", Accept:"application/json", Content-Length:"118"]
             Body = {"username":"tiger","password":"abcdefg123!","nickname":"가나다라","phone":"01012345678","email":"abcd@gmail.com"}
    Session Attrs = {}

Handler:
             Type = com.chaewsscode.chaewsstore.auth.controller.AuthController
           Method = com.chaewsscode.chaewsstore.auth.controller.AuthController#signup(SignupRequestDto)

Async:
    Async started = false
     Async result = null

Resolved Exception:
             Type = null

ModelAndView:
        View name = null
             View = null
            Model = null

FlashMap:
       Attributes = null

MockHttpServletResponse:
           Status = 201
    Error message = null
          Headers = [Content-Type:"application/json;charset=UTF-8"]
     Content type = application/json;charset=UTF-8
             Body = {"timestamp":"2022-09-28T01:42:19.82271","code":"SIGNUP_SUCCESS","status":"CREATED","detail":"회원가입 성공"}
    Forwarded URL = null
   Redirected URL = null
          Cookies = []

MockHttpServletRequest:
      HTTP Method = POST
      Request URI = /auth/signup
       Parameters = {}
          Headers = [Content-Type:"application/json;charset=UTF-8", Accept:"application/json", Content-Length:"118"]
             Body = {"username":"tiger","password":"abcdefg123!","nickname":"가나다라","phone":"01012345678","email":"abcd@gmail.com"}
    Session Attrs = {}

Handler:
             Type = com.chaewsscode.chaewsstore.auth.controller.AuthController
           Method = com.chaewsscode.chaewsstore.auth.controller.AuthController#signup(SignupRequestDto)

Async:
    Async started = false
     Async result = null

Resolved Exception:
             Type = null

ModelAndView:
        View name = null
             View = null
            Model = null

FlashMap:
       Attributes = null

MockHttpServletResponse:
           Status = 201
    Error message = null
          Headers = [Content-Type:"application/json;charset=UTF-8"]
     Content type = application/json;charset=UTF-8
             Body = {"timestamp":"2022-09-28T01:42:19.82271","code":"SIGNUP_SUCCESS","status":"CREATED","detail":"회원가입 성공"}
    Forwarded URL = null
   Redirected URL = null
          Cookies = []
2022-09-28 01:42:19.833  INFO 57744 --- [    Test worker] o.s.b.t.m.w.SpringBootMockServletContext : Initializing Spring TestDispatcherServlet ''
2022-09-28 01:42:19.833  INFO 57744 --- [    Test worker] o.s.t.web.servlet.TestDispatcherServlet  : Initializing Servlet ''
2022-09-28 01:42:19.834  INFO 57744 --- [    Test worker] o.s.t.web.servlet.TestDispatcherServlet  : Completed initialization in 1 ms

MockHttpServletRequest:
      HTTP Method = GET
      Request URI = /auth/signout
       Parameters = {refresh-token=[refreshToken]}
          Headers = []
             Body = null
    Session Attrs = {}

Handler:
             Type = com.chaewsscode.chaewsstore.auth.controller.AuthController
           Method = com.chaewsscode.chaewsstore.auth.controller.AuthController#signout(String)

Async:
    Async started = false
     Async result = null

Resolved Exception:
             Type = null

ModelAndView:
        View name = null
             View = null
            Model = null

FlashMap:
       Attributes = null

MockHttpServletResponse:
           Status = 200
    Error message = null
          Headers = [Content-Type:"application/json;charset=UTF-8"]
     Content type = application/json;charset=UTF-8
             Body = {"timestamp":"2022-09-28T01:42:19.837571","code":"SIGNOUT_SUCCESS","status":"OK","detail":"로그아웃 성공"}
    Forwarded URL = null
   Redirected URL = null
          Cookies = []

MockHttpServletRequest:
      HTTP Method = GET
      Request URI = /auth/signout
       Parameters = {refresh-token=[refreshToken]}
          Headers = []
             Body = null
    Session Attrs = {}

Handler:
             Type = com.chaewsscode.chaewsstore.auth.controller.AuthController
           Method = com.chaewsscode.chaewsstore.auth.controller.AuthController#signout(String)

Async:
    Async started = false
     Async result = null

Resolved Exception:
             Type = null

ModelAndView:
        View name = null
             View = null
            Model = null

FlashMap:
       Attributes = null

MockHttpServletResponse:
           Status = 200
    Error message = null
          Headers = [Content-Type:"application/json;charset=UTF-8"]
     Content type = application/json;charset=UTF-8
             Body = {"timestamp":"2022-09-28T01:42:19.837571","code":"SIGNOUT_SUCCESS","status":"OK","detail":"로그아웃 성공"}
    Forwarded URL = null
   Redirected URL = null
          Cookies = []

MockHttpServletRequest:
      HTTP Method = GET
      Request URI = /auth/signout
       Parameters = {refresh-token=[refreshToken]}
          Headers = []
             Body = null
    Session Attrs = {}

Handler:
             Type = com.chaewsscode.chaewsstore.auth.controller.AuthController
           Method = com.chaewsscode.chaewsstore.auth.controller.AuthController#signout(String)

Async:
    Async started = false
     Async result = null

Resolved Exception:
             Type = null

ModelAndView:
        View name = null
             View = null
            Model = null

FlashMap:
       Attributes = null

MockHttpServletResponse:
           Status = 200
    Error message = null
          Headers = [Content-Type:"application/json;charset=UTF-8"]
     Content type = application/json;charset=UTF-8
             Body = {"timestamp":"2022-09-28T01:42:19.837571","code":"SIGNOUT_SUCCESS","status":"OK","detail":"로그아웃 성공"}
    Forwarded URL = null
   Redirected URL = null
          Cookies = []
]]></system-out>
  <system-err><![CDATA[]]></system-err>
</testsuite>
